<?xml version="1.0" encoding="UTF-8"?>
<!-- Generated by org.testng.reporters.JUnitReportReporter -->
<testsuite skipped="0" hostname="DESKTOP-70LASCE" name="in.amazon.test.SignIn" tests="4" failures="0" timestamp="2021-08-08T08:03:08 IST" time="27.562" errors="0">
  <testcase name="informationLabelValidation" time="0.781" classname="in.amazon.test.SignIn"/>
  <system-out/>
  <testcase name="amazonTitleValidation" time="1.283" classname="in.amazon.test.SignIn"/>
  <system-out/>
  <testcase name="textEmailAndButtonContinueValidation" time="4.107" classname="in.amazon.test.SignIn"/>
  <system-out/>
  <testcase name="amazonLogoValidation" time="21.391" classname="in.amazon.test.SignIn"/>
  <system-out/>
</testsuite> <!-- in.amazon.test.SignIn -->
