<?xml version="1.0" encoding="UTF-8"?>
<!-- Generated by org.testng.reporters.JUnitReportReporter -->
<testsuite skipped="0" hostname="DESKTOP-70LASCE" name="in.amazon.test.SignIn" tests="1" failures="0" timestamp="2021-01-29T01:20:30 IST" time="6.488" errors="0">
  <testcase name="LinkSignInValidation" time="6.488" classname="in.amazon.test.SignIn"/>
  <system-out/>
</testsuite> <!-- in.amazon.test.SignIn -->
