<?xml version="1.0" encoding="UTF-8"?>
<!-- Generated by org.testng.reporters.JUnitReportReporter -->
<testsuite skipped="4" hostname="DESKTOP-70LASCE" name="in.amazon.test.SignIn" tests="5" failures="0" timestamp="2021-08-08T00:54:57 IST" time="7.263" errors="1">
  <testcase name="textEmailAndButtonContinueValidation" time="0.000" classname="in.amazon.test.SignIn">
    <skipped/>
  </testcase> <!-- textEmailAndButtonContinueValidation -->
  <system-out/>
  <testcase name="amazonLogoValidation" time="0.000" classname="in.amazon.test.SignIn">
    <skipped/>
  </testcase> <!-- amazonLogoValidation -->
  <system-out/>
  <testcase name="setup" time="7.263" classname="in.amazon.test.SignIn">
    <error type="org.openqa.selenium.SessionNotCreatedException" message="session not created: This version of ChromeDriver only supports Chrome version 88
Current browser version is 92.0.4515.131 with binary path C:\Program Files\Google\Chrome\Application\chrome.exe
Build info: version: &#039;3.141.59&#039;, revision: &#039;e82be7d358&#039;, time: &#039;2018-11-14T08:17:03&#039;
System info: host: &#039;DESKTOP-70LASCE&#039;, ip: &#039;192.168.0.102&#039;, os.name: &#039;Windows 10&#039;, os.arch: &#039;amd64&#039;, os.version: &#039;10.0&#039;, java.version: &#039;1.8.0_91&#039;
Driver info: driver.version: ChromeDriver
remote stacktrace: Backtrace:
	GetHandleVerifier [0x0096B963+483]
	GetHandleVerifier [0x0096B941+449]
	GetHandleVerifier [0x00D13308+3832712]
	GetHandleVerifier [0x00D2D69A+3940122]
	GetHandleVerifier [0x00D29AFB+3924859]
	GetHandleVerifier [0x00D27D9C+3917340]
	GetHandleVerifier [0x00D4E7FE+4075646]
	GetHandleVerifier [0x00D4E56C+4074988]
	GetHandleVerifier [0x00D4B2EB+4062059]
	GetHandleVerifier [0x00D2ED14+3945876]
	GetHandleVerifier [0x00D2FBCE+3949646]
	GetHandleVerifier [0x00D2FB59+3949529]
	Ordinal0 [0x0092B5CC+46540]
	Ordinal0 [0x00929F53+40787]
	Ordinal0 [0x00929B12+39698]
	GetHandleVerifier [0x00C31468+2907368]
	GetHandleVerifier [0x00A771EE+1096302]
	GetHandleVerifier [0x00A33E8D+821005]
	GetHandleVerifier [0x00A3396B+819691]
	GetHandleVerifier [0x00A33881+819457]
	GetHandleVerifier [0x00A5F463+998627]
	BaseThreadInitThunk [0x76B3FA29+25]
	RtlGetAppContainerNamedObjectPath [0x76F37A7E+286]
	RtlGetAppContainerNamedObjectPath [0x76F37A4E+238]
">
      <![CDATA[org.openqa.selenium.SessionNotCreatedException: session not created: This version of ChromeDriver only supports Chrome version 88
Current browser version is 92.0.4515.131 with binary path C:\Program Files\Google\Chrome\Application\chrome.exe
Build info: version: '3.141.59', revision: 'e82be7d358', time: '2018-11-14T08:17:03'
System info: host: 'DESKTOP-70LASCE', ip: '192.168.0.102', os.name: 'Windows 10', os.arch: 'amd64', os.version: '10.0', java.version: '1.8.0_91'
Driver info: driver.version: ChromeDriver
remote stacktrace: Backtrace:
GetHandleVerifier [0x0096B963+483]
GetHandleVerifier [0x0096B941+449]
GetHandleVerifier [0x00D13308+3832712]
GetHandleVerifier [0x00D2D69A+3940122]
GetHandleVerifier [0x00D29AFB+3924859]
GetHandleVerifier [0x00D27D9C+3917340]
GetHandleVerifier [0x00D4E7FE+4075646]
GetHandleVerifier [0x00D4E56C+4074988]
GetHandleVerifier [0x00D4B2EB+4062059]
GetHandleVerifier [0x00D2ED14+3945876]
GetHandleVerifier [0x00D2FBCE+3949646]
GetHandleVerifier [0x00D2FB59+3949529]
Ordinal0 [0x0092B5CC+46540]
Ordinal0 [0x00929F53+40787]
Ordinal0 [0x00929B12+39698]
GetHandleVerifier [0x00C31468+2907368]
GetHandleVerifier [0x00A771EE+1096302]
GetHandleVerifier [0x00A33E8D+821005]
GetHandleVerifier [0x00A3396B+819691]
GetHandleVerifier [0x00A33881+819457]
GetHandleVerifier [0x00A5F463+998627]
BaseThreadInitThunk [0x76B3FA29+25]
RtlGetAppContainerNamedObjectPath [0x76F37A7E+286]
RtlGetAppContainerNamedObjectPath [0x76F37A4E+238]

at sun.reflect.NativeConstructorAccessorImpl.newInstance0(Native Method)
at sun.reflect.NativeConstructorAccessorImpl.newInstance(NativeConstructorAccessorImpl.java:62)
at sun.reflect.DelegatingConstructorAccessorImpl.newInstance(DelegatingConstructorAccessorImpl.java:45)
at java.lang.reflect.Constructor.newInstance(Constructor.java:423)
at org.openqa.selenium.remote.W3CHandshakeResponse.lambda$errorHandler$0(W3CHandshakeResponse.java:62)
at org.openqa.selenium.remote.HandshakeResponse.lambda$getResponseFunction$0(HandshakeResponse.java:30)
at org.openqa.selenium.remote.ProtocolHandshake.lambda$createSession$0(ProtocolHandshake.java:126)
at java.util.stream.ReferencePipeline$3$1.accept(ReferencePipeline.java:193)
at java.util.Spliterators$ArraySpliterator.tryAdvance(Spliterators.java:958)
at java.util.stream.ReferencePipeline.forEachWithCancel(ReferencePipeline.java:126)
at java.util.stream.AbstractPipeline.copyIntoWithCancel(AbstractPipeline.java:498)
at java.util.stream.AbstractPipeline.copyInto(AbstractPipeline.java:485)
at java.util.stream.AbstractPipeline.wrapAndCopyInto(AbstractPipeline.java:471)
at java.util.stream.FindOps$FindOp.evaluateSequential(FindOps.java:152)
at java.util.stream.AbstractPipeline.evaluate(AbstractPipeline.java:234)
at java.util.stream.ReferencePipeline.findFirst(ReferencePipeline.java:464)
at org.openqa.selenium.remote.ProtocolHandshake.createSession(ProtocolHandshake.java:128)
at org.openqa.selenium.remote.ProtocolHandshake.createSession(ProtocolHandshake.java:74)
at org.openqa.selenium.remote.HttpCommandExecutor.execute(HttpCommandExecutor.java:136)
at org.openqa.selenium.remote.service.DriverCommandExecutor.execute(DriverCommandExecutor.java:83)
at org.openqa.selenium.remote.RemoteWebDriver.execute(RemoteWebDriver.java:552)
at org.openqa.selenium.remote.RemoteWebDriver.startSession(RemoteWebDriver.java:213)
at org.openqa.selenium.remote.RemoteWebDriver.<init>(RemoteWebDriver.java:131)
at org.openqa.selenium.chrome.ChromeDriver.<init>(ChromeDriver.java:181)
at org.openqa.selenium.chrome.ChromeDriver.<init>(ChromeDriver.java:168)
at org.openqa.selenium.chrome.ChromeDriver.<init>(ChromeDriver.java:123)
at in.amazon.test.Base.setup(Base.java:71)
at sun.reflect.NativeMethodAccessorImpl.invoke0(Native Method)
at sun.reflect.NativeMethodAccessorImpl.invoke(NativeMethodAccessorImpl.java:62)
at sun.reflect.DelegatingMethodAccessorImpl.invoke(DelegatingMethodAccessorImpl.java:43)
at java.lang.reflect.Method.invoke(Method.java:498)
at org.testng.internal.MethodInvocationHelper.invokeMethod(MethodInvocationHelper.java:132)
at org.testng.internal.MethodInvocationHelper.invokeMethodConsideringTimeout(MethodInvocationHelper.java:61)
at org.testng.internal.ConfigInvoker.invokeConfigurationMethod(ConfigInvoker.java:366)
at org.testng.internal.ConfigInvoker.invokeConfigurations(ConfigInvoker.java:320)
at org.testng.TestRunner.invokeTestConfigurations(TestRunner.java:617)
at org.testng.TestRunner.beforeRun(TestRunner.java:607)
at org.testng.TestRunner.run(TestRunner.java:578)
at org.testng.SuiteRunner.runTest(SuiteRunner.java:384)
at org.testng.SuiteRunner.runSequentially(SuiteRunner.java:378)
at org.testng.SuiteRunner.privateRun(SuiteRunner.java:337)
at org.testng.SuiteRunner.run(SuiteRunner.java:286)
at org.testng.SuiteRunnerWorker.runSuite(SuiteRunnerWorker.java:53)
at org.testng.SuiteRunnerWorker.run(SuiteRunnerWorker.java:96)
at org.testng.TestNG.runSuitesSequentially(TestNG.java:1218)
at org.testng.TestNG.runSuitesLocally(TestNG.java:1140)
at org.testng.TestNG.runSuites(TestNG.java:1069)
at org.testng.TestNG.run(TestNG.java:1037)
at org.apache.maven.surefire.testng.TestNGExecutor.run(TestNGExecutor.java:284)
at org.apache.maven.surefire.testng.TestNGXmlTestSuite.execute(TestNGXmlTestSuite.java:75)
at org.apache.maven.surefire.testng.TestNGProvider.invoke(TestNGProvider.java:119)
at org.apache.maven.surefire.booter.ForkedBooter.runSuitesInProcess(ForkedBooter.java:428)
at org.apache.maven.surefire.booter.ForkedBooter.execute(ForkedBooter.java:162)
at org.apache.maven.surefire.booter.ForkedBooter.run(ForkedBooter.java:562)
at org.apache.maven.surefire.booter.ForkedBooter.main(ForkedBooter.java:548)
]]>
    </error>
  </testcase> <!-- setup -->
  <system-out/>
  <testcase name="amazonTitleValidation" time="0.000" classname="in.amazon.test.SignIn">
    <skipped/>
  </testcase> <!-- amazonTitleValidation -->
  <system-out/>
  <testcase name="informationLabelValidation" time="0.000" classname="in.amazon.test.SignIn">
    <skipped/>
  </testcase> <!-- informationLabelValidation -->
  <system-out/>
</testsuite> <!-- in.amazon.test.SignIn -->
