<?xml version="1.0" encoding="UTF-8"?>
<!-- Generated by org.testng.reporters.JUnitReportReporter -->
<testsuite skipped="0" hostname="DESKTOP-70LASCE" name="in.amazon.test.SignIn" tests="1" failures="0" timestamp="2021-01-31T20:46:39 IST" time="39.320" errors="0">
  <testcase name="LinkSignInValidation" time="39.320" classname="in.amazon.test.SignIn"/>
  <system-out/>
</testsuite> <!-- in.amazon.test.SignIn -->
