<?xml version="1.0" encoding="UTF-8"?>
<!-- Generated by org.testng.reporters.JUnitReportReporter -->
<testsuite skipped="0" hostname="DESKTOP-70LASCE" name="in.amazon.test.SignIn" tests="4" failures="0" timestamp="2021-02-11T17:36:36 IST" time="23.475" errors="0">
  <testcase name="amazonTitleValidation" time="1.120" classname="in.amazon.test.SignIn"/>
  <system-out/>
  <testcase name="textEmailAndButtonContinueValidation" time="5.413" classname="in.amazon.test.SignIn"/>
  <system-out/>
  <testcase name="informationLabelValidation" time="1.127" classname="in.amazon.test.SignIn"/>
  <system-out/>
  <testcase name="amazonLogoValidation" time="15.815" classname="in.amazon.test.SignIn"/>
  <system-out/>
</testsuite> <!-- in.amazon.test.SignIn -->
